<?xml version="1.0" encoding="UTF-8"?>
<!-- Generated by org.testng.reporters.JUnitXMLReporter -->
<testsuite hostname="Sathu_saikiran" ignored="0" name="Orange hr test" tests="2" failures="1" timestamp="2023-05-22T13:15:30 IST" time="67.088" errors="0">
  <testcase name="loginTest" time="3.322" classname="com.orangeHr.testCases.TC_LoginTest_001"/>
  <testcase name="addNationality" time="31.074" classname="com.orangeHr.testCases.TC_AddNatioanlities_003">
    <failure type="java.lang.AssertionError" message="expected [true] but found [false]">
      <![CDATA[java.lang.AssertionError: expected [true] but found [false]
at com.orangeHr.testCases.TC_AddNatioanlities_003.addNationality(TC_AddNatioanlities_003.java:51)
at java.util.ArrayList.forEach(ArrayList.java:1259)
... Removed 31 stack frames]]>
    </failure>
  </testcase> <!-- addNationality -->
</testsuite> <!-- Orange hr test -->
