<?xml version="1.0" encoding="UTF-8"?>
<testng-results ignored="0" total="1" passed="1" failed="0" skipped="0">
  <reporter-output>
  </reporter-output>
  <suite started-at="2023-05-24T13:47:54 IST" name="OrangeHR" finished-at="2023-05-24T13:48:48 IST" duration-ms="53754">
    <groups>
    </groups>
    <test started-at="2023-05-24T13:47:54 IST" name="Orange hr test" finished-at="2023-05-24T13:48:48 IST" duration-ms="53754">
      <class name="com.orangeHr.testCases.TC_AddNatioanlities_003">
        <test-method is-config="true" signature="setup(java.lang.String)[pri:0, instance:com.orangeHr.testCases.TC_AddNatioanlities_003@506ae4d4]" started-at="2023-05-24T13:47:55 IST" name="setup" finished-at="2023-05-24T13:48:16 IST" duration-ms="20718" status="PASS">
          <params>
            <param index="0">
              <value>
                <![CDATA[chrome]]>
              </value>
            </param>
          </params>
          <reporter-output>
          </reporter-output>
        </test-method> <!-- setup -->
        <test-method signature="addNationality()[pri:0, instance:com.orangeHr.testCases.TC_AddNatioanlities_003@506ae4d4]" started-at="2023-05-24T13:48:16 IST" name="addNationality" finished-at="2023-05-24T13:48:46 IST" duration-ms="30951" status="PASS">
          <reporter-output>
          </reporter-output>
        </test-method> <!-- addNationality -->
        <test-method is-config="true" signature="tearDown()[pri:0, instance:com.orangeHr.testCases.TC_AddNatioanlities_003@506ae4d4]" started-at="2023-05-24T13:48:46 IST" name="tearDown" finished-at="2023-05-24T13:48:48 IST" duration-ms="1487" status="PASS">
          <reporter-output>
          </reporter-output>
        </test-method> <!-- tearDown -->
      </class> <!-- com.orangeHr.testCases.TC_AddNatioanlities_003 -->
    </test> <!-- Orange hr test -->
  </suite> <!-- OrangeHR -->
</testng-results>
